0 verbose cli /usr/local/bin/node /usr/local/lib/node_modules/npm/bin/npm-cli.js
1 info using npm@11.11.0
2 info using node@v24.14.1
3 silly config load:file:/usr/local/lib/node_modules/npm/npmrc
4 silly config load:file:/Users/mitansh7/Desktop/SkillXI-web-project/.npmrc
5 silly config load:file:/Users/mitansh7/.npmrc
6 silly config load:file:/usr/local/etc/npmrc
7 verbose title npm exec vercel link --yes
8 verbose argv "exec" "--" "vercel" "link" "--yes"
9 verbose logfile logs-max:10 dir:/Users/mitansh7/Desktop/SkillXI-web-project/.npm_cache/_logs/2026-04-16T11_14_51_923Z-
10 verbose logfile /Users/mitansh7/Desktop/SkillXI-web-project/.npm_cache/_logs/2026-04-16T11_14_51_923Z-debug-0.log
11 silly logfile done cleaning log files
12 silly packumentCache heap:4496293888 maxSize:1124073472 maxEntrySize:562036736
13 http fetch GET 200 https://registry.npmjs.org/vercel 463ms (cache revalidated)
14 silly packumentCache heap:4496293888 maxSize:1124073472 maxEntrySize:562036736
15 silly packumentCache heap:4496293888 maxSize:1124073472 maxEntrySize:562036736
16 verbose cwd /Users/mitansh7/Desktop/SkillXI-web-project
17 verbose os Darwin 25.4.0
18 verbose node v24.14.1
19 verbose npm  v11.11.0
20 verbose exit 1
21 verbose code 1
